<?xml version="1.0" encoding="UTF-8"?>
<!-- Generated by org.testng.reporters.JUnitReportReporter -->
<testsuite hostname="CLBLAP527" name="com.learnautomation.selenium.NewTest" tests="1" failures="0" timestamp="24 Feb 2016 06:15:18 GMT" time="60.680" errors="0">
  <testcase name="f" time="60.680" classname="com.learnautomation.selenium.NewTest"/>
</testsuite> <!-- com.learnautomation.selenium.NewTest -->
